#
# A fatal error has been detected by the Java Runtime Environment:
#
#  EXCEPTION_ACCESS_VIOLATION (0xc0000005) at pc=0x00007ffe928063b7, pid=2960, tid=6000
#
# JRE version: OpenJDK Runtime Environment (19.0.1+10) (build 19.0.1+10-21)
# Java VM: OpenJDK 64-Bit Server VM (19.0.1+10-21, mixed mode, sharing, tiered, compressed oops, compressed class ptrs, g1 gc, windows-amd64)
# Problematic frame:
# C  [glass.dll+0x263b7]
#
# No core dump will be written. Minidumps are not enabled by default on client versions of Windows
#
# If you would like to submit a bug report, please visit:
#   https://bugreport.java.com/bugreport/crash.jsp
#

---------------  S U M M A R Y ------------

Command Line: -javaagent:C:\Program Files\JetBrains\IntelliJ IDEA Educational Edition 2021.3.2\lib\idea_rt.jar=59042:C:\Program Files\JetBrains\IntelliJ IDEA Educational Edition 2021.3.2\bin -Dfile.encoding=UTF-8 -Dsun.stdout.encoding=UTF-8 -Dsun.stderr.encoding=UTF-8 --module-path=C:\Users\peche\.m2\repository\org\openjfx\javafx-fxml\19-ea+7\javafx-fxml-19-ea+7-win.jar;C:\Users\peche\.m2\repository\org\openjfx\javafx-controls\19-ea+7\javafx-controls-19-ea+7-win.jar;C:\Users\peche\.m2\repository\org\openjfx\javafx-graphics\19-ea+7\javafx-graphics-19-ea+7-win.jar;E:\Технологии программирования\интерфейс\carshowroom\target\classes;C:\Users\peche\.m2\repository\org\openjfx\javafx-base\19-ea+7\javafx-base-19-ea+7-win.jar -Djdk.module.main=com.example.carshowroom com.example.carshowroom/com.example.carshowroom.HelloApplication

Host: Intel(R) Xeon(R) CPU E3-1220 V2 @ 3.10GHz, 4 cores, 6G,  Windows 10 , 64 bit Build 19041 (10.0.19041.2251)
Time: Mon Nov 21 20:34:05 2022 RTZ 2 (s 10 , 64 bit Build 19041 (10.0.19041.2251) elapsed time: 94.795916 seconds (0d 0h 1m 34s)

---------------  T H R E A D  ---------------

Current thread (0x000001febdbde140):  VMThread "VM Thread" [stack: 0x00000015b7200000,0x00000015b7300000] [id=6000]

Stack: [0x00000015b7200000,0x00000015b7300000],  sp=0x00000015b72ff080,  free space=1020k
Native frames: (J=compiled Java code, j=interpreted, Vv=VM code, C=native code)
C  [glass.dll+0x263b7]


siginfo: EXCEPTION_ACCESS_VIOLATION (0xc0000005), reading address 0x0000000000000000


Registers:
RAX=0x0000000000000000, RBX=0x000001febdbe3bf8, RCX=0x000001febdbde140, RDX=0x00000015b72ff080
RSP=0x00000015b72ff080, RBP=0x000001fec307a4b8, RSI=0x000001fec307a490, RDI=0x000096fc097f4a8f
R8 =0x0000000000010002, R9 =0x000096fc097f4a8f, R10=0x0000000000008000, R11=0x00000015b72ff010
R12=0x00007ffe92803cf0, R13=0x00007ffe691d72a0, R14=0x00000015b72ff178, R15=0x000001fec307a490
RIP=0x00007ffe928063b7, EFLAGS=0x0000000000010206


Register to memory mapping:

RIP=0x00007ffe928063b7 glass.dll
RAX=0x0 is NULL
RBX=0x000001febdbe3bf8 is a global jni handle
RCX=0x000001febdbde140 points into unknown readable memory: 0x00007ffe68fe45d8 | d8 45 fe 68 fe 7f 00 00
RDX=0x00000015b72ff080 points into unknown readable memory: 0x0000000000000000 | 00 00 00 00 00 00 00 00
RSP=0x00000015b72ff080 points into unknown readable memory: 0x0000000000000000 | 00 00 00 00 00 00 00 00
RBP=0x000001fec307a4b8 points into unknown readable memory: 0x000096fc097f4a8f | 8f 4a 7f 09 fc 96 00 00
RSI=0x000001fec307a490 points into unknown readable memory: 0x3fffdfbc157b4a8f | 8f 4a 7b 15 bc df ff 3f
RDI=0x000096fc097f4a8f is an unknown value
R8 =0x0000000000010002 is an unknown value
R9 =0x000096fc097f4a8f is an unknown value
R10=0x0000000000008000 is an unknown value
R11=0x00000015b72ff010 points into unknown readable memory: 0x000001fec307a490 | 90 a4 07 c3 fe 01 00 00
R12=0x00007ffe92803cf0 glass.dll
R13=0x00007ffe691d72a0 jvm.dll
R14=0x00000015b72ff178 points into unknown readable memory: 0x00000015b72ff160 | 60 f1 2f b7 15 00 00 00
R15=0x000001fec307a490 points into unknown readable memory: 0x3fffdfbc157b4a8f | 8f 4a 7b 15 bc df ff 3f


Top of Stack: (sp=0x00000015b72ff080)
0x00000015b72ff080:   0000000000000000 000001fec307a490
0x00000015b72ff090:   00007ffe691d72a0 00007ffe92803cf0
0x00000015b72ff0a0:   000001fec307a498 00007ffeb07d42d6
0x00000015b72ff0b0:   000096fc097f4a8f 000001fe00000000
0x00000015b72ff0c0:   000001fec307a4b8 000001fec307a490
0x00000015b72ff0d0:   fffffffffffffffe 0000000000000000
0x00000015b72ff0e0:   0000000000000001 00007ffe927e0000
0x00000015b72ff0f0:   00000015b72ff168 00007ffeb07d41fb
0x00000015b72ff100:   0000000000000000 00000015b72ff178
0x00000015b72ff110:   00000015b72ff440 00007ffeb08b0e40
0x00000015b72ff120:   0000000000000001 00007ffeb07d41b4
0x00000015b72ff130:   0000000000000000 0000000000000001
0x00000015b72ff140:   0000000000000000 00000015b72ff168
0x00000015b72ff150:   ffffffff00000001 00007ffe92803b7d
0x00000015b72ff160:   00007ffe92819f88 00007ffe00000002
0x00000015b72ff170:   0000000000000002 00000015b72ff160 

Instructions: (pc=0x00007ffe928063b7)
0x00007ffe928062b7:   8b 4d 58 e8 7d cf ff ff 48 8b 4d 60 e8 74 cf ff
0x00007ffe928062c7:   ff 48 8b 95 80 00 00 00 48 8b 8d 18 01 00 00 e8
0x00007ffe928062d7:   66 c4 ff ff 33 d2 33 c9 e8 bc e1 ff ff 90 48 89
0x00007ffe928062e7:   54 24 10 55 48 83 ec 20 48 8b ea 48 b8 00 00 00
0x00007ffe928062f7:   00 00 00 00 00 48 83 c4 20 5d c3 cc 40 55 48 8b
0x00007ffe92806307:   ea 48 8b 01 33 c9 81 38 05 00 00 c0 0f 94 c1 8b
0x00007ffe92806317:   c1 5d c3 cc 40 55 48 83 ec 20 48 8b ea 8a 4d 40
0x00007ffe92806327:   48 83 c4 20 5d e9 63 d3 ff ff cc 40 55 48 83 ec
0x00007ffe92806337:   20 48 8b ea 8a 4d 20 e8 51 d3 ff ff 90 48 83 c4
0x00007ffe92806347:   20 5d c3 cc 40 55 48 83 ec 20 48 8b ea 48 83 c4
0x00007ffe92806357:   20 5d e9 b2 d1 ff ff cc 40 55 48 83 ec 30 48 8b
0x00007ffe92806367:   ea 48 8b 01 8b 10 48 89 4c 24 28 89 54 24 20 4c
0x00007ffe92806377:   8d 0d 53 d6 ff ff 4c 8b 45 70 8b 55 68 48 8b 4d
0x00007ffe92806387:   60 e8 f3 d0 ff ff 90 48 83 c4 30 5d c3 cc cc cc
0x00007ffe92806397:   cc cc cc cc cc cc cc cc cc 40 53 48 83 ec 20 48
0x00007ffe928063a7:   8b 1d db 35 01 00 48 85 db 74 16 e8 79 8b ff ff
0x00007ffe928063b7:   4c 8b 00 48 8b d3 48 8b c8 41 ff 90 b0 00 00 00
0x00007ffe928063c7:   90 48 83 c4 20 5b c3 cc cc 40 53 48 83 ec 20 48
0x00007ffe928063d7:   8b 1d 4b 37 01 00 48 85 db 74 57 b8 ff ff ff ff
0x00007ffe928063e7:   f0 0f c1 43 10 83 f8 01 75 3d 48 85 db 74 38 48
0x00007ffe928063f7:   8b 0b 48 85 c9 74 0d ff 15 a4 0e 00 00 48 c7 03
0x00007ffe92806407:   00 00 00 00 48 8b 4b 08 48 85 c9 74 0d e8 23 ce
0x00007ffe92806417:   ff ff 48 c7 43 08 00 00 00 00 ba 18 00 00 00 48
0x00007ffe92806427:   8b cb e8 0e ce ff ff 48 c7 05 ef 36 01 00 00 00
0x00007ffe92806437:   00 00 48 83 c4 20 5b c3 cc 40 53 48 83 ec 20 48
0x00007ffe92806447:   8b 1d bb 36 01 00 48 85 db 74 57 b8 ff ff ff ff
0x00007ffe92806457:   f0 0f c1 43 10 83 f8 01 75 3d 48 85 db 74 38 48
0x00007ffe92806467:   8b 0b 48 85 c9 74 0d ff 15 34 0e 00 00 48 c7 03
0x00007ffe92806477:   00 00 00 00 48 8b 4b 08 48 85 c9 74 0d e8 b3 cd
0x00007ffe92806487:   ff ff 48 c7 43 08 00 00 00 00 ba 18 00 00 00 48
0x00007ffe92806497:   8b cb e8 9e cd ff ff 48 c7 05 5f 36 01 00 00 00
0x00007ffe928064a7:   00 00 48 83 c4 20 5b c3 cc 40 53 48 83 ec 20 48 


Stack slot to memory mapping:
stack at sp + 0 slots: 0x0 is NULL
stack at sp + 1 slots: 0x000001fec307a490 points into unknown readable memory: 0x3fffdfbc157b4a8f | 8f 4a 7b 15 bc df ff 3f
stack at sp + 2 slots: 0x00007ffe691d72a0 jvm.dll
stack at sp + 3 slots: 0x00007ffe92803cf0 glass.dll
stack at sp + 4 slots: 0x000001fec307a498 points into unknown readable memory: 0x000096fc097f4a8f | 8f 4a 7f 09 fc 96 00 00
stack at sp + 5 slots: 0x00007ffeb07d42d6 ucrtbase.dll
stack at sp + 6 slots: 0x000096fc097f4a8f is an unknown value
stack at sp + 7 slots: 0x000001fe00000000 is an unknown value

VM_Operation (0x00000015b69ff160): Exit, mode: safepoint, requested by thread 0x000001fec24ce740


---------------  P R O C E S S  ---------------

Threads class SMR info:
_java_thread_list=0x000001fec2217ed0, length=22, elements={
0x000001fea056dac0, 0x000001febdbf7960, 0x000001febdbf8550, 0x000001febdbfb7d0,
0x000001febdbfc100, 0x000001febdbfca30, 0x000001febdbfe3e0, 0x000001febdc0b540,
0x000001febdc10680, 0x000001febdc11790, 0x000001febdbcd260, 0x000001fec23fda50,
0x000001fec23fdf90, 0x000001fec274fb90, 0x000001fec29ce720, 0x000001fec306d100,
0x000001fec304d260, 0x000001fec337d090, 0x000001fec252f440, 0x000001fec252c470,
0x000001fec252d460, 0x000001fec24ce740
}

Java Threads: ( => current thread )
  0x000001fea056dac0 JavaThread "main" [_thread_blocked, id=10488, stack(0x00000015b6c00000,0x00000015b6d00000)]
  0x000001febdbf7960 JavaThread "Reference Handler" daemon [_thread_blocked, id=6792, stack(0x00000015b7300000,0x00000015b7400000)]
  0x000001febdbf8550 JavaThread "Finalizer" daemon [_thread_blocked, id=8708, stack(0x00000015b7400000,0x00000015b7500000)]
  0x000001febdbfb7d0 JavaThread "Signal Dispatcher" daemon [_thread_blocked, id=3596, stack(0x00000015b7500000,0x00000015b7600000)]
  0x000001febdbfc100 JavaThread "Attach Listener" daemon [_thread_blocked, id=7900, stack(0x00000015b7600000,0x00000015b7700000)]
  0x000001febdbfca30 JavaThread "Service Thread" daemon [_thread_blocked, id=6224, stack(0x00000015b7700000,0x00000015b7800000)]
  0x000001febdbfe3e0 JavaThread "Monitor Deflation Thread" daemon [_thread_blocked, id=7348, stack(0x00000015b7800000,0x00000015b7900000)]
  0x000001febdc0b540 JavaThread "C2 CompilerThread0" daemon [_thread_blocked, id=10364, stack(0x00000015b7900000,0x00000015b7a00000)]
  0x000001febdc10680 JavaThread "C1 CompilerThread0" daemon [_thread_blocked, id=6264, stack(0x00000015b7a00000,0x00000015b7b00000)]
  0x000001febdc11790 JavaThread "Sweeper thread" daemon [_thread_blocked, id=8184, stack(0x00000015b7b00000,0x00000015b7c00000)]
  0x000001febdbcd260 JavaThread "Common-Cleaner" daemon [_thread_blocked, id=5864, stack(0x00000015b7c00000,0x00000015b7d00000)]
  0x000001fec23fda50 JavaThread "Monitor Ctrl-Break" daemon [_thread_in_native, id=948, stack(0x00000015b7e00000,0x00000015b7f00000)]
  0x000001fec23fdf90 JavaThread "Notification Thread" daemon [_thread_blocked, id=10484, stack(0x00000015b7f00000,0x00000015b8000000)]
  0x000001fec274fb90 JavaThread "QuantumRenderer-0" daemon [_thread_blocked, id=2796, stack(0x00000015b8300000,0x00000015b8400000)]
  0x000001fec29ce720 JavaThread "InvokeLaterDispatcher" daemon [_thread_blocked, id=620, stack(0x00000015b8500000,0x00000015b8600000)]
  0x000001fec306d100 JavaThread "JavaFX Application Thread" [_thread_in_native, id=10848, stack(0x00000015b8600000,0x00000015b8700000)]
  0x000001fec304d260 JavaThread "Thread-1" daemon [_thread_in_native, id=7676, stack(0x00000015b8800000,0x00000015b8900000)]
  0x000001fec337d090 JavaThread "JavaFX-Launcher" [_thread_blocked, id=3852, stack(0x00000015b8900000,0x00000015b8a00000)]
  0x000001fec252f440 JavaThread "Prism Font Disposer" daemon [_thread_blocked, id=4672, stack(0x00000015b8b00000,0x00000015b8c00000)]
  0x000001fec252c470 JavaThread "Cleaner-0" daemon [_thread_blocked, id=6568, stack(0x00000015b8e00000,0x00000015b8f00000)]
  0x000001fec252d460 JavaThread "mysql-cj-abandoned-connection-cleanup" daemon [_thread_blocked, id=4900, stack(0x00000015b9120000,0x00000015b9220000)]
  0x000001fec24ce740 JavaThread "SIGINT handler" daemon [_thread_blocked, id=5820, stack(0x00000015b6900000,0x00000015b6a00000)]

Other Threads:
=>0x000001febdbde140 VMThread "VM Thread" [stack: 0x00000015b7200000,0x00000015b7300000] [id=6000]
  0x000001fea05c5b60 WorkerThread "GC Thread#0" [stack: 0x00000015b6d00000,0x00000015b6e00000] [id=10456]
  0x000001fec2bca280 WorkerThread "GC Thread#1" [stack: 0x00000015b7d00000,0x00000015b7e00000] [id=3692]
  0x000001fec2278720 WorkerThread "GC Thread#2" [stack: 0x00000015b8100000,0x00000015b8200000] [id=5956]
  0x000001fec22789f0 WorkerThread "GC Thread#3" [stack: 0x00000015b8200000,0x00000015b8300000] [id=11220]
  0x000001fea05d4a30 ConcurrentGCThread "G1 Main Marker" terminated
  0x000001fea05d6a20 WorkerThread "G1 Conc#0" [stack: 0x00000015b6f00000,0x00000015b7000000] [id=10792]
  0x000001fea0632950 ConcurrentGCThread "G1 Refine#0" terminated
  0x000001febdaa14a0 ConcurrentGCThread "G1 Service" terminated

Threads with active compile tasks:

VM state: at safepoint (shutting down)

VM Mutex/Monitor currently owned by a thread:  ([mutex/lock_event])
[0x000001fea056b840] Threads_lock - owner thread: 0x000001febdbde140
[0x000001fea056b720] Heap_lock - owner thread: 0x000001fec24ce740

Heap address: 0x0000000090200000, size: 1790 MB, Compressed Oops mode: 32-bit

CDS archive(s) mapped at: [0x0000000800000000-0x0000000800c30000-0x0000000800c30000), size 12779520, SharedBaseAddress: 0x0000000800000000, ArchiveRelocationMode: 0.
Compressed class space mapped at: 0x0000000801000000-0x0000000841000000, reserved size: 1073741824
Narrow klass base: 0x0000000800000000, Narrow klass shift: 0, Narrow klass range: 0x100000000

GC Precious Log:
 CardTable entry size: 512
 Card Set container configuration: InlinePtr #cards 5 size 8 Array Of Cards #cards 12 size 40 Howl #buckets 4 coarsen threshold 1843 Howl Bitmap #cards 512 size 80 coarsen threshold 460 Card regions per heap region 1 cards per card region 2048
 CPUs: 4 total, 4 available
 Memory: 7158M
 Large Page Support: Disabled
 NUMA Support: Disabled
 Compressed Oops: Enabled (32-bit)
 Heap Region Size: 1M
 Heap Min Capacity: 8M
 Heap Initial Capacity: 112M
 Heap Max Capacity: 1790M
 Pre-touch: Disabled
 Parallel Workers: 4
 Concurrent Workers: 1
 Concurrent Refinement Workers: 4
 Periodic GC: Disabled

Heap:
 garbage-first heap   total 45056K, used 30682K [0x0000000090200000, 0x0000000100000000)
  region size 1024K, 13 young (13312K), 2 survivors (2048K)
 Metaspace       used 25602K, committed 25920K, reserved 1114112K
  class space    used 3195K, committed 3328K, reserved 1048576K

Heap Regions: E=young(eden), S=young(survivor), O=old, HS=humongous(starts), HC=humongous(continues), CS=collection set, F=free, OA=open archive, CA=closed archive, TAMS=top-at-mark-start (previous, next)
|   0|0x0000000090200000, 0x0000000090300000, 0x0000000090300000|100%| O|  |TAMS 0x0000000090300000, 0x0000000090200000| Untracked 
|   1|0x0000000090300000, 0x0000000090400000, 0x0000000090400000|100%| O|  |TAMS 0x0000000090400000, 0x0000000090300000| Untracked 
|   2|0x0000000090400000, 0x0000000090500000, 0x0000000090500000|100%| O|  |TAMS 0x0000000090400000, 0x0000000090400000| Untracked 
|   3|0x0000000090500000, 0x0000000090600000, 0x0000000090600000|100%|HS|  |TAMS 0x0000000090600000, 0x0000000090500000| Complete 
|   4|0x0000000090600000, 0x0000000090700000, 0x0000000090700000|100%|HC|  |TAMS 0x0000000090700000, 0x0000000090600000| Complete 
|   5|0x0000000090700000, 0x0000000090800000, 0x0000000090800000|100%| O|  |TAMS 0x0000000090700000, 0x0000000090700000| Untracked 
|   6|0x0000000090800000, 0x0000000090900000, 0x0000000090900000|100%| O|  |TAMS 0x0000000090800000, 0x0000000090800000| Untracked 
|   7|0x0000000090900000, 0x0000000090a00000, 0x0000000090a00000|100%| O|  |TAMS 0x0000000090900000, 0x0000000090900000| Untracked 
|   8|0x0000000090a00000, 0x0000000090b00000, 0x0000000090b00000|100%| O|  |TAMS 0x0000000090a00000, 0x0000000090a00000| Untracked 
|   9|0x0000000090b00000, 0x0000000090c00000, 0x0000000090c00000|100%| O|  |TAMS 0x0000000090b00000, 0x0000000090b00000| Untracked 
|  10|0x0000000090c00000, 0x0000000090d00000, 0x0000000090d00000|100%| O|  |TAMS 0x0000000090c00000, 0x0000000090c00000| Untracked 
|  11|0x0000000090d00000, 0x0000000090e00000, 0x0000000090e00000|100%| O|  |TAMS 0x0000000090d00000, 0x0000000090d00000| Untracked 
|  12|0x0000000090e00000, 0x0000000090f00000, 0x0000000090f00000|100%| O|  |TAMS 0x0000000090e00000, 0x0000000090e00000| Untracked 
|  13|0x0000000090f00000, 0x0000000091000000, 0x0000000091000000|100%| O|  |TAMS 0x0000000090f00000, 0x0000000090f00000| Untracked 
|  14|0x0000000091000000, 0x0000000091100000, 0x0000000091100000|100%| O|  |TAMS 0x0000000091000000, 0x0000000091000000| Untracked 
|  15|0x0000000091100000, 0x00000000911f6800, 0x0000000091200000| 96%| O|  |TAMS 0x0000000091100000, 0x0000000091100000| Untracked 
|  16|0x0000000091200000, 0x0000000091200000, 0x0000000091300000|  0%| F|  |TAMS 0x0000000091200000, 0x0000000091200000| Untracked 
|  17|0x0000000091300000, 0x0000000091300000, 0x0000000091400000|  0%| F|  |TAMS 0x0000000091300000, 0x0000000091300000| Untracked 
|  18|0x0000000091400000, 0x0000000091500000, 0x0000000091500000|100%| O|  |TAMS 0x0000000091400000, 0x0000000091400000| Untracked 
|  19|0x0000000091500000, 0x0000000091600000, 0x0000000091600000|100%| O|  |TAMS 0x0000000091500000, 0x0000000091500000| Untracked 
|  20|0x0000000091600000, 0x0000000091600000, 0x0000000091700000|  0%| F|  |TAMS 0x0000000091600000, 0x0000000091600000| Untracked 
|  21|0x0000000091700000, 0x0000000091700000, 0x0000000091800000|  0%| F|  |TAMS 0x0000000091700000, 0x0000000091700000| Untracked 
|  22|0x0000000091800000, 0x0000000091800000, 0x0000000091900000|  0%| F|  |TAMS 0x0000000091800000, 0x0000000091800000| Untracked 
|  23|0x0000000091900000, 0x0000000091900000, 0x0000000091a00000|  0%| F|  |TAMS 0x0000000091900000, 0x0000000091900000| Untracked 
|  24|0x0000000091a00000, 0x0000000091a00000, 0x0000000091b00000|  0%| F|  |TAMS 0x0000000091a00000, 0x0000000091a00000| Untracked 
|  25|0x0000000091b00000, 0x0000000091b00000, 0x0000000091c00000|  0%| F|  |TAMS 0x0000000091b00000, 0x0000000091b00000| Untracked 
|  26|0x0000000091c00000, 0x0000000091d00000, 0x0000000091d00000|100%| S|CS|TAMS 0x0000000091c00000, 0x0000000091c00000| Complete 
|  27|0x0000000091d00000, 0x0000000091e00000, 0x0000000091e00000|100%| S|CS|TAMS 0x0000000091d00000, 0x0000000091d00000| Complete 
|  28|0x0000000091e00000, 0x0000000091e00000, 0x0000000091f00000|  0%| F|  |TAMS 0x0000000091e00000, 0x0000000091e00000| Untracked 
|  29|0x0000000091f00000, 0x0000000091f00000, 0x0000000092000000|  0%| F|  |TAMS 0x0000000091f00000, 0x0000000091f00000| Untracked 
|  30|0x0000000092000000, 0x0000000092000000, 0x0000000092100000|  0%| F|  |TAMS 0x0000000092000000, 0x0000000092000000| Untracked 
|  31|0x0000000092100000, 0x0000000092100000, 0x0000000092200000|  0%| F|  |TAMS 0x0000000092100000, 0x0000000092100000| Untracked 
|  32|0x0000000092200000, 0x0000000092200000, 0x0000000092300000|  0%| F|  |TAMS 0x0000000092200000, 0x0000000092200000| Untracked 
|  33|0x0000000092300000, 0x00000000923134a0, 0x0000000092400000|  7%| E|  |TAMS 0x0000000092300000, 0x0000000092300000| Complete 
|  34|0x0000000092400000, 0x0000000092500000, 0x0000000092500000|100%| E|CS|TAMS 0x0000000092400000, 0x0000000092400000| Complete 
|  35|0x0000000092500000, 0x0000000092600000, 0x0000000092600000|100%| E|CS|TAMS 0x0000000092500000, 0x0000000092500000| Complete 
|  70|0x0000000094800000, 0x0000000094900000, 0x0000000094900000|100%| E|CS|TAMS 0x0000000094800000, 0x0000000094800000| Complete 
|  71|0x0000000094900000, 0x0000000094a00000, 0x0000000094a00000|100%| E|CS|TAMS 0x0000000094900000, 0x0000000094900000| Complete 
|  72|0x0000000094a00000, 0x0000000094b00000, 0x0000000094b00000|100%| E|CS|TAMS 0x0000000094a00000, 0x0000000094a00000| Complete 
|  73|0x0000000094b00000, 0x0000000094c00000, 0x0000000094c00000|100%| E|CS|TAMS 0x0000000094b00000, 0x0000000094b00000| Complete 
|  74|0x0000000094c00000, 0x0000000094d00000, 0x0000000094d00000|100%| E|CS|TAMS 0x0000000094c00000, 0x0000000094c00000| Complete 
|  75|0x0000000094d00000, 0x0000000094e00000, 0x0000000094e00000|100%| E|CS|TAMS 0x0000000094d00000, 0x0000000094d00000| Complete 
|  76|0x0000000094e00000, 0x0000000094f00000, 0x0000000094f00000|100%| E|CS|TAMS 0x0000000094e00000, 0x0000000094e00000| Complete 
| 111|0x0000000097100000, 0x0000000097200000, 0x0000000097200000|100%| E|CS|TAMS 0x0000000097100000, 0x0000000097100000| Complete 

Card table byte_map: [0x000001feb7850000,0x000001feb7bd0000] _byte_map_base: 0x000001feb73cf000

Marking Bits (Prev, Next): (CMBitMap*) 0x000001fea05c5fe0, (CMBitMap*) 0x000001fea05c5fa0
 Prev Bits: [0x000001feb9b50000, 0x000001febb748000)
 Next Bits: [0x000001feb7f50000, 0x000001feb9b48000)

Polling page: 0x000001fe9e3a0000

Metaspace:

Usage:
  Non-class:     21.88 MB used.
      Class:      3.12 MB used.
       Both:     25.00 MB used.

Virtual space:
  Non-class space:       64.00 MB reserved,      22.06 MB ( 34%) committed,  1 nodes.
      Class space:        1.00 GB reserved,       3.25 MB ( <1%) committed,  1 nodes.
             Both:        1.06 GB reserved,      25.31 MB (  2%) committed. 

Chunk freelists:
   Non-Class:  1.61 MB
       Class:  707.00 KB
        Both:  2.30 MB

MaxMetaspaceSize: unlimited
CompressedClassSpaceSize: 1.00 GB
Initial GC threshold: 21.00 MB
Current GC threshold: 35.25 MB
CDS: on
MetaspaceReclaimPolicy: balanced
 - commit_granule_bytes: 65536.
 - commit_granule_words: 8192.
 - virtual_space_node_default_size: 8388608.
 - enlarge_chunks_in_place: 1.
 - new_chunks_are_fully_committed: 0.
 - uncommit_free_chunks: 1.
 - use_allocation_guard: 0.


Internal statistics:

num_allocs_failed_limit: 3.
num_arena_births: 376.
num_arena_deaths: 0.
num_vsnodes_births: 2.
num_vsnodes_deaths: 0.
num_space_committed: 405.
num_space_uncommitted: 0.
num_chunks_returned_to_freelist: 3.
num_chunks_taken_from_freelist: 1072.
num_chunk_merges: 3.
num_chunk_splits: 763.
num_chunks_enlarged: 597.
num_inconsistent_stats: 0.

CodeHeap 'non-profiled nmethods': size=120000Kb used=2142Kb max_used=2142Kb free=117857Kb
 bounds [0x000001feaffa0000, 0x000001feb0210000, 0x000001feb74d0000]
CodeHeap 'profiled nmethods': size=120000Kb used=10326Kb max_used=10326Kb free=109673Kb
 bounds [0x000001fea84d0000, 0x000001fea8ef0000, 0x000001feafa00000]
CodeHeap 'non-nmethods': size=5760Kb used=1598Kb max_used=1651Kb free=4161Kb
 bounds [0x000001feafa00000, 0x000001feafc70000, 0x000001feaffa0000]
 total_blobs=5716 nmethods=4826 adapters=798
 compilation: enabled
              stopped_count=0, restarted_count=0
 full_count=0

Compilation events (20 events):
Event: 28.926 Thread 0x000001febdc10680 nmethod 4820 0x000001fea8edd510 code [0x000001fea8edd760, 0x000001fea8ede298]
Event: 28.926 Thread 0x000001febdc10680 4821       3       com.sun.javafx.geom.Point2D::<init> (5 bytes)
Event: 28.926 Thread 0x000001febdc10680 nmethod 4821 0x000001fea8ede590 code [0x000001fea8ede740, 0x000001fea8ede898]
Event: 28.927 Thread 0x000001febdc0b540 nmethod 4817 0x000001feb01b5710 code [0x000001feb01b58e0, 0x000001feb01b5bb0]
Event: 28.927 Thread 0x000001febdc0b540 4822       4       com.sun.javafx.geom.transform.AffineBase::isTranslateOrIdentity (22 bytes)
Event: 28.927 Thread 0x000001febdc10680 4823       3       com.sun.javafx.sg.prism.NGRegion::renderBackgroundRectangle (1165 bytes)
Event: 28.928 Thread 0x000001febdc0b540 nmethod 4822 0x000001feb01b5f10 code [0x000001feb01b60a0, 0x000001feb01b6138]
Event: 28.928 Thread 0x000001febdc0b540 4824       4       com.sun.javafx.geom.transform.AffineBase::isIdentity (20 bytes)
Event: 28.928 Thread 0x000001febdc0b540 nmethod 4824 0x000001feb01b6210 code [0x000001feb01b63a0, 0x000001feb01b6458]
Event: 28.929 Thread 0x000001febdc0b540 4825       4       java.lang.Float::floatToIntBits (15 bytes)
Event: 28.929 Thread 0x000001febdc0b540 nmethod 4825 0x000001feb01b6510 code [0x000001feb01b6680, 0x000001feb01b66f8]
Event: 28.929 Thread 0x000001febdc0b540 4826       4       com.sun.prism.impl.BaseGraphics::validateTransformAndPaint (71 bytes)
Event: 28.930 Thread 0x000001febdc0b540 nmethod 4826 0x000001feb01b6810 code [0x000001feb01b69a0, 0x000001feb01b6a98]
Event: 28.932 Thread 0x000001febdc10680 nmethod 4823 0x000001fea8ede990 code [0x000001fea8edf060, 0x000001fea8ee3088]
Event: 28.932 Thread 0x000001febdc10680 4827       3       com.sun.prism.impl.ps.BaseShaderContext::validateLCDOp (71 bytes)
Event: 28.932 Thread 0x000001febdc10680 nmethod 4827 0x000001fea8ee4f10 code [0x000001fea8ee5120, 0x000001fea8ee5658]
Event: 90.566 Thread 0x000001febdc0b540 4828       4       com.sun.javafx.tk.quantum.QuantumToolkit::postPulse (133 bytes)
Event: 90.570 Thread 0x000001febdc0b540 nmethod 4828 0x000001feb01b6c10 code [0x000001feb01b6dc0, 0x000001feb01b6fd8]
Event: 90.854 Thread 0x000001febdc0b540 4829       4       com.sun.javafx.tk.quantum.QuantumToolkit$$Lambda$80/0x000000080103a558::run (8 bytes)
Event: 90.860 Thread 0x000001febdc0b540 nmethod 4829 0x000001feb01b7290 code [0x000001feb01b7460, 0x000001feb01b76c8]

GC Heap History (12 events):
Event: 3.949 GC heap before
{Heap before GC invocations=0 (full 0):
 garbage-first heap   total 114688K, used 13312K [0x0000000090200000, 0x0000000100000000)
  region size 1024K, 13 young (13312K), 0 survivors (0K)
 Metaspace       used 2622K, committed 2816K, reserved 1114112K
  class space    used 265K, committed 320K, reserved 1048576K
}
Event: 3.956 GC heap after
{Heap after GC invocations=1 (full 0):
 garbage-first heap   total 114688K, used 1916K [0x0000000090200000, 0x0000000100000000)
  region size 1024K, 2 young (2048K), 2 survivors (2048K)
 Metaspace       used 2622K, committed 2816K, reserved 1114112K
  class space    used 265K, committed 320K, reserved 1048576K
}
Event: 5.517 GC heap before
{Heap before GC invocations=1 (full 0):
 garbage-first heap   total 114688K, used 18300K [0x0000000090200000, 0x0000000100000000)
  region size 1024K, 19 young (19456K), 2 survivors (2048K)
 Metaspace       used 8375K, committed 8640K, reserved 1114112K
  class space    used 1027K, committed 1152K, reserved 1048576K
}
Event: 5.520 GC heap after
{Heap after GC invocations=2 (full 0):
 garbage-first heap   total 114688K, used 4520K [0x0000000090200000, 0x0000000100000000)
  region size 1024K, 3 young (3072K), 3 survivors (3072K)
 Metaspace       used 8375K, committed 8640K, reserved 1114112K
  class space    used 1027K, committed 1152K, reserved 1048576K
}
Event: 13.470 GC heap before
{Heap before GC invocations=2 (full 0):
 garbage-first heap   total 114688K, used 37288K [0x0000000090200000, 0x0000000100000000)
  region size 1024K, 35 young (35840K), 3 survivors (3072K)
 Metaspace       used 21168K, committed 21504K, reserved 1114112K
  class space    used 2624K, committed 2816K, reserved 1048576K
}
Event: 13.479 GC heap after
{Heap after GC invocations=3 (full 0):
 garbage-first heap   total 114688K, used 11251K [0x0000000090200000, 0x0000000100000000)
  region size 1024K, 7 young (7168K), 7 survivors (7168K)
 Metaspace       used 21168K, committed 21504K, reserved 1114112K
  class space    used 2624K, committed 2816K, reserved 1048576K
}
Event: 14.004 GC heap before
{Heap before GC invocations=4 (full 0):
 garbage-first heap   total 45056K, used 30707K [0x0000000090200000, 0x0000000100000000)
  region size 1024K, 26 young (26624K), 7 survivors (7168K)
 Metaspace       used 24079K, committed 24448K, reserved 1114112K
  class space    used 3125K, committed 3328K, reserved 1048576K
}
Event: 14.012 GC heap after
{Heap after GC invocations=5 (full 0):
 garbage-first heap   total 45056K, used 14996K [0x0000000090200000, 0x0000000100000000)
  region size 1024K, 4 young (4096K), 4 survivors (4096K)
 Metaspace       used 24079K, committed 24448K, reserved 1114112K
  class space    used 3125K, committed 3328K, reserved 1048576K
}
Event: 14.027 GC heap before
{Heap before GC invocations=5 (full 0):
 garbage-first heap   total 45056K, used 16020K [0x0000000090200000, 0x0000000100000000)
  region size 1024K, 5 young (5120K), 4 survivors (4096K)
 Metaspace       used 24099K, committed 24512K, reserved 1114112K
  class space    used 3125K, committed 3328K, reserved 1048576K
}
Event: 14.031 GC heap after
{Heap after GC invocations=6 (full 0):
 garbage-first heap   total 45056K, used 16342K [0x0000000090200000, 0x0000000100000000)
  region size 1024K, 1 young (1024K), 1 survivors (1024K)
 Metaspace       used 24099K, committed 24512K, reserved 1114112K
  class space    used 3125K, committed 3328K, reserved 1048576K
}
Event: 22.762 GC heap before
{Heap before GC invocations=6 (full 0):
 garbage-first heap   total 45056K, used 31702K [0x0000000090200000, 0x0000000100000000)
  region size 1024K, 16 young (16384K), 1 survivors (1024K)
 Metaspace       used 25371K, committed 25664K, reserved 1114112K
  class space    used 3194K, committed 3328K, reserved 1048576K
}
Event: 22.767 GC heap after
{Heap after GC invocations=7 (full 0):
 garbage-first heap   total 45056K, used 20442K [0x0000000090200000, 0x0000000100000000)
  region size 1024K, 2 young (2048K), 2 survivors (2048K)
 Metaspace       used 25371K, committed 25664K, reserved 1114112K
  class space    used 3194K, committed 3328K, reserved 1048576K
}

Dll operation events (20 events):
Event: 3.406 Loaded shared library C:\Users\peche\.openjfx\cache\19-ea+7\amd64\api-ms-win-crt-heap-l1-1-0.dll
Event: 3.423 Loaded shared library C:\Users\peche\.openjfx\cache\19-ea+7\amd64\api-ms-win-crt-locale-l1-1-0.dll
Event: 3.443 Loaded shared library C:\Users\peche\.openjfx\cache\19-ea+7\amd64\api-ms-win-crt-math-l1-1-0.dll
Event: 3.458 Loaded shared library C:\Users\peche\.openjfx\cache\19-ea+7\amd64\api-ms-win-crt-multibyte-l1-1-0.dll
Event: 3.505 Loaded shared library C:\Users\peche\.openjfx\cache\19-ea+7\amd64\api-ms-win-crt-private-l1-1-0.dll
Event: 3.533 Loaded shared library C:\Users\peche\.openjfx\cache\19-ea+7\amd64\api-ms-win-crt-process-l1-1-0.dll
Event: 3.551 Loaded shared library C:\Users\peche\.openjfx\cache\19-ea+7\amd64\api-ms-win-crt-runtime-l1-1-0.dll
Event: 3.578 Loaded shared library C:\Users\peche\.openjfx\cache\19-ea+7\amd64\api-ms-win-crt-stdio-l1-1-0.dll
Event: 3.591 Loaded shared library C:\Users\peche\.openjfx\cache\19-ea+7\amd64\api-ms-win-crt-string-l1-1-0.dll
Event: 3.621 Loaded shared library C:\Users\peche\.openjfx\cache\19-ea+7\amd64\api-ms-win-crt-time-l1-1-0.dll
Event: 3.631 Loaded shared library C:\Users\peche\.openjfx\cache\19-ea+7\amd64\api-ms-win-crt-utility-l1-1-0.dll
Event: 3.786 Loaded shared library C:\Users\peche\.openjfx\cache\19-ea+7\amd64\ucrtbase.dll
Event: 3.808 Loaded shared library C:\Users\peche\.openjfx\cache\19-ea+7\amd64\vcruntime140.dll
Event: 3.824 Loaded shared library C:\Users\peche\.openjfx\cache\19-ea+7\amd64\vcruntime140_1.dll
Event: 3.900 Loaded shared library C:\Users\peche\.openjfx\cache\19-ea+7\amd64\msvcp140.dll
Event: 4.144 Loaded shared library C:\Users\peche\.openjfx\cache\19-ea+7\amd64\prism_d3d.dll
Event: 4.545 Loaded shared library C:\Users\peche\.openjfx\cache\19-ea+7\amd64\glass.dll
Event: 4.895 Loaded shared library C:\Users\peche\.jdks\openjdk-19.0.1\bin\jimage.dll
Event: 5.332 Loaded shared library C:\Users\peche\.openjfx\cache\19-ea+7\amd64\javafx_font.dll
Event: 11.993 Loaded shared library C:\Users\peche\.jdks\openjdk-19.0.1\bin\sunmscapi.dll

Deoptimization events (20 events):
Event: 22.803 Thread 0x000001fec306d100 DEOPT PACKING pc=0x000001fea8a9f5f7 sp=0x00000015b86f7860
Event: 22.803 Thread 0x000001fec306d100 DEOPT UNPACKING pc=0x000001feafa67543 sp=0x00000015b86f6cc0 mode 0
Event: 22.823 Thread 0x000001fec306d100 DEOPT PACKING pc=0x000001fea8a9f5f7 sp=0x00000015b86f7200
Event: 22.823 Thread 0x000001fec306d100 DEOPT UNPACKING pc=0x000001feafa67543 sp=0x00000015b86f6660 mode 0
Event: 22.830 Thread 0x000001fec306d100 DEOPT PACKING pc=0x000001fea8dad6bb sp=0x00000015b86f7970
Event: 22.830 Thread 0x000001fec306d100 DEOPT UNPACKING pc=0x000001feafa67543 sp=0x00000015b86f6f48 mode 0
Event: 25.220 Thread 0x000001fec306d100 DEOPT PACKING pc=0x000001fea8dad6bb sp=0x00000015b86f5130
Event: 25.220 Thread 0x000001fec306d100 DEOPT UNPACKING pc=0x000001feafa67543 sp=0x00000015b86f4708 mode 0
Event: 25.223 Thread 0x000001fec306d100 DEOPT PACKING pc=0x000001fea8dad6bb sp=0x00000015b86f5130
Event: 25.223 Thread 0x000001fec306d100 DEOPT UNPACKING pc=0x000001feafa67543 sp=0x00000015b86f4708 mode 0
Event: 25.230 Thread 0x000001fec306d100 DEOPT PACKING pc=0x000001fea8dad6bb sp=0x00000015b86f5240
Event: 25.230 Thread 0x000001fec306d100 DEOPT UNPACKING pc=0x000001feafa67543 sp=0x00000015b86f4818 mode 0
Event: 25.234 Thread 0x000001fec306d100 DEOPT PACKING pc=0x000001fea8dad6bb sp=0x00000015b86f51d0
Event: 25.234 Thread 0x000001fec306d100 DEOPT UNPACKING pc=0x000001feafa67543 sp=0x00000015b86f47a8 mode 0
Event: 25.237 Thread 0x000001fec306d100 DEOPT PACKING pc=0x000001fea8dad6bb sp=0x00000015b86f51d0
Event: 25.237 Thread 0x000001fec306d100 DEOPT UNPACKING pc=0x000001feafa67543 sp=0x00000015b86f47a8 mode 0
Event: 30.271 Thread 0x000001fec306d100 Uncommon trap: trap_request=0xffffff45 fr.pc=0x000001feb01b4918 relative=0x0000000000000078
Event: 30.271 Thread 0x000001fec306d100 Uncommon trap: reason=unstable_if action=reinterpret pc=0x000001feb01b4918 method=java.lang.Math.round(F)I @ 23 c2
Event: 30.271 Thread 0x000001fec306d100 DEOPT PACKING pc=0x000001feb01b4918 sp=0x00000015b86f6af0
Event: 30.271 Thread 0x000001fec306d100 DEOPT UNPACKING pc=0x000001feafa66da3 sp=0x00000015b86f6a70 mode 2

Classes loaded (20 events):
Event: 15.725 Loading class java/util/stream/ReduceOps$CountingSink done
Event: 15.725 Loading class java/util/stream/ReduceOps$CountingSink$OfInt done
Event: 15.725 Loading class java/util/stream/IntPipeline$11$1
Event: 15.725 Loading class java/util/stream/IntPipeline$11$1 done
Event: 18.997 Loading class java/lang/StringIndexOutOfBoundsException
Event: 18.997 Loading class java/lang/StringIndexOutOfBoundsException done
Event: 19.000 Loading class java/util/concurrent/atomic/AtomicReferenceFieldUpdater
Event: 19.000 Loading class java/util/concurrent/atomic/AtomicReferenceFieldUpdater done
Event: 19.000 Loading class java/util/concurrent/atomic/AtomicReferenceFieldUpdater$AtomicReferenceFieldUpdaterImpl
Event: 19.000 Loading class java/util/concurrent/atomic/AtomicReferenceFieldUpdater$AtomicReferenceFieldUpdaterImpl done
Event: 19.000 Loading class java/util/concurrent/atomic/AtomicReferenceFieldUpdater$AtomicReferenceFieldUpdaterImpl$1
Event: 19.000 Loading class java/util/concurrent/atomic/AtomicReferenceFieldUpdater$AtomicReferenceFieldUpdaterImpl$1 done
Event: 19.001 Loading class sun/reflect/misc/ReflectUtil
Event: 19.001 Loading class sun/reflect/misc/ReflectUtil done
Event: 19.001 Loading class java/lang/Throwable$WrappedPrintStream
Event: 19.001 Loading class java/lang/Throwable$PrintStreamOrWriter
Event: 19.001 Loading class java/lang/Throwable$PrintStreamOrWriter done
Event: 19.001 Loading class java/lang/Throwable$WrappedPrintStream done
Event: 94.181 Loading class jdk/internal/misc/Signal$1
Event: 94.209 Loading class jdk/internal/misc/Signal$1 done

Classes unloaded (0 events):
No events

Classes redefined (0 events):
No events

Internal exceptions (20 events):
Event: 9.002 Thread 0x000001fec306d100 Exception <a 'java/lang/NoSuchMethodError'{0x00000000961fd210}: 'java.lang.Object java.lang.invoke.Invokers$Holder.linkToTargetMethod(java.lang.Object, long, java.lang.Object)'> (0x00000000961fd210) 
thrown [s\open\src\hotspot\share\interpreter\linkResolver.cpp, line 774]
Event: 11.621 Thread 0x000001fec306d100 Exception <a 'sun/nio/fs/WindowsException'{0x0000000095a70060}> (0x0000000095a70060) 
thrown [s\open\src\hotspot\share\prims\jni.cpp, line 517]
Event: 11.675 Thread 0x000001fec306d100 Exception <a 'java/lang/NoSuchMethodError'{0x000000009597b858}: 'java.lang.Object java.lang.invoke.DirectMethodHandle$Holder.invokeInterface(java.lang.Object, java.lang.Object)'> (0x000000009597b858) 
thrown [s\open\src\hotspot\share\interpreter\linkResolver.cpp, line 774]
Event: 11.677 Thread 0x000001fec306d100 Exception <a 'sun/nio/fs/WindowsException'{0x0000000095985a30}> (0x0000000095985a30) 
thrown [s\open\src\hotspot\share\prims\jni.cpp, line 517]
Event: 11.678 Thread 0x000001fec306d100 Exception <a 'sun/nio/fs/WindowsException'{0x0000000095987b08}> (0x0000000095987b08) 
thrown [s\open\src\hotspot\share\prims\jni.cpp, line 517]
Event: 11.686 Thread 0x000001fec306d100 Exception <a 'sun/nio/fs/WindowsException'{0x00000000959e4850}> (0x00000000959e4850) 
thrown [s\open\src\hotspot\share\prims\jni.cpp, line 517]
Event: 11.687 Thread 0x000001fec306d100 Exception <a 'sun/nio/fs/WindowsException'{0x00000000959e67d8}> (0x00000000959e67d8) 
thrown [s\open\src\hotspot\share\prims\jni.cpp, line 517]
Event: 11.691 Thread 0x000001fec306d100 Exception <a 'java/lang/NoSuchMethodError'{0x00000000959f8588}: 'java.lang.Object java.lang.invoke.DirectMethodHandle$Holder.invokeVirtual(java.lang.Object, java.lang.Object, java.lang.Object)'> (0x00000000959f8588) 
thrown [s\open\src\hotspot\share\interpreter\linkResolver.cpp, line 774]
Event: 11.747 Thread 0x000001fec306d100 Exception <a 'sun/nio/fs/WindowsException'{0x00000000956ffcf0}> (0x00000000956ffcf0) 
thrown [s\open\src\hotspot\share\prims\jni.cpp, line 517]
Event: 11.981 Thread 0x000001fec306d100 Exception <a 'sun/nio/fs/WindowsException'{0x00000000953df538}> (0x00000000953df538) 
thrown [s\open\src\hotspot\share\prims\jni.cpp, line 517]
Event: 12.174 Thread 0x000001fec306d100 Exception <a 'sun/nio/fs/WindowsException'{0x00000000952f9538}> (0x00000000952f9538) 
thrown [s\open\src\hotspot\share\prims\jni.cpp, line 517]
Event: 12.237 Thread 0x000001fec306d100 Exception <a 'sun/nio/fs/WindowsException'{0x000000009510ed58}> (0x000000009510ed58) 
thrown [s\open\src\hotspot\share\prims\jni.cpp, line 517]
Event: 12.500 Thread 0x000001fec306d100 Exception <a 'java/lang/NoSuchMethodError'{0x00000000951af660}: 'java.lang.Object java.lang.invoke.DirectMethodHandle$Holder.invokeStaticInit(java.lang.Object, int, int, int, int)'> (0x00000000951af660) 
thrown [s\open\src\hotspot\share\interpreter\linkResolver.cpp, line 774]
Event: 12.581 Thread 0x000001fec306d100 Exception <a 'java/lang/NoSuchMethodError'{0x000000009506c070}: 'java.lang.Object java.lang.invoke.DirectMethodHandle$Holder.invokeStaticInit(java.lang.Object, java.lang.Object, int, int, int, int)'> (0x000000009506c070) 
thrown [s\open\src\hotspot\share\interpreter\linkResolver.cpp, line 774]
Event: 13.637 Thread 0x000001fec306d100 Exception <a 'java/lang/ClassNotFoundException'{0x0000000092265ef0}: com/sun/javafx/scene/control/skin/resources/controls> (0x0000000092265ef0) 
thrown [s\open\src\hotspot\share\prims\jni.cpp, line 536]
Event: 13.638 Thread 0x000001fec306d100 Exception <a 'java/lang/ClassNotFoundException'{0x0000000092273f80}: com/sun/javafx/scene/control/skin/resources/controls_ru> (0x0000000092273f80) 
thrown [s\open\src\hotspot\share\prims\jni.cpp, line 536]
Event: 13.638 Thread 0x000001fec306d100 Exception <a 'java/lang/ClassNotFoundException'{0x00000000922751e0}: com/sun/javafx/scene/control/skin/resources/controls_ru_RU> (0x00000000922751e0) 
thrown [s\open\src\hotspot\share\prims\jni.cpp, line 536]
Event: 13.712 Thread 0x000001fec306d100 Exception <a 'java/lang/NoSuchMethodError'{0x0000000091e182c8}: 'int java.lang.invoke.DirectMethodHandle$Holder.invokeVirtual(java.lang.Object, java.lang.Object)'> (0x0000000091e182c8) 
thrown [s\open\src\hotspot\share\interpreter\linkResolver.cpp, line 774]
Event: 15.705 Thread 0x000001fec306d100 Exception <a 'java/lang/NoSuchMethodError'{0x00000000948402a8}: 'void java.lang.invoke.DirectMethodHandle$Holder.invokeVirtual(java.lang.Object, java.lang.Object, int)'> (0x00000000948402a8) 
thrown [s\open\src\hotspot\share\interpreter\linkResolver.cpp, line 774]
Event: 19.511 Thread 0x000001fec306d100 Implicit null exception at 0x000001feb0143f35 to 0x000001feb014a86c

VM Operations (20 events):
Event: 20.578 Executing VM operation: Cleanup done
Event: 22.579 Executing VM operation: Cleanup
Event: 22.579 Executing VM operation: Cleanup done
Event: 22.706 Executing VM operation: HandshakeAllThreads
Event: 22.707 Executing VM operation: HandshakeAllThreads done
Event: 22.762 Executing VM operation: G1CollectForAllocation
Event: 22.767 Executing VM operation: G1CollectForAllocation done
Event: 24.767 Executing VM operation: Cleanup
Event: 24.767 Executing VM operation: Cleanup done
Event: 25.767 Executing VM operation: Cleanup
Event: 25.768 Executing VM operation: Cleanup done
Event: 26.768 Executing VM operation: Cleanup
Event: 26.768 Executing VM operation: Cleanup done
Event: 28.769 Executing VM operation: Cleanup
Event: 28.769 Executing VM operation: Cleanup done
Event: 29.770 Executing VM operation: Cleanup
Event: 29.770 Executing VM operation: Cleanup done
Event: 31.771 Executing VM operation: Cleanup
Event: 31.771 Executing VM operation: Cleanup done
Event: 94.212 Executing VM operation: Exit

Events (20 events):
Event: 5.964 Thread 0x000001fec252f440 Thread added: 0x000001fec252f440
Event: 6.250 Thread 0x000001fec252c470 Thread added: 0x000001fec252c470
Event: 11.642 Thread 0x000001fec252d460 Thread added: 0x000001fec252d460
Event: 11.842 Thread 0x000001fec3deb540 Thread added: 0x000001fec3deb540
Event: 12.168 Thread 0x000001fec3deb540 Thread exited: 0x000001fec3deb540
Event: 13.554 Thread 0x000001fec3de7280 Thread added: 0x000001fec3de7280
Event: 14.733 Thread 0x000001fec3de7280 Thread exited: 0x000001fec3de7280
Event: 15.743 Thread 0x000001fec3de88c0 Thread added: 0x000001fec3de88c0
Event: 15.879 Thread 0x000001fec3de88c0 Thread exited: 0x000001fec3de88c0
Event: 16.257 Thread 0x000001fec3de8330 Thread added: 0x000001fec3de8330
Event: 16.687 Thread 0x000001fec3de8330 Thread exited: 0x000001fec3de8330
Event: 22.667 Thread 0x000001fec3de9970 Thread added: 0x000001fec3de9970
Event: 23.494 Thread 0x000001fec3de9970 Thread exited: 0x000001fec3de9970
Event: 25.245 Thread 0x000001fec3de88c0 Thread added: 0x000001fec3de88c0
Event: 26.245 Thread 0x000001fec3de88c0 Thread exited: 0x000001fec3de88c0
Event: 94.209 Thread 0x000001fec24ce740 Thread added: 0x000001fec24ce740
Event: 94.210 Thread 0x000001fec24d0720 Thread added: 0x000001fec24d0720
Event: 94.210 Thread 0x000001fec24cf1e0 Thread added: 0x000001fec24cf1e0
Event: 94.211 Thread 0x000001fec24cf1e0 Thread exited: 0x000001fec24cf1e0
Event: 94.212 Thread 0x000001fec24d0720 Thread exited: 0x000001fec24d0720


Dynamic libraries:
0x00007ff77cf50000 - 0x00007ff77cf5e000 	C:\Users\peche\.jdks\openjdk-19.0.1\bin\java.exe
0x00007ffeb3050000 - 0x00007ffeb3248000 	C:\Windows\SYSTEM32\ntdll.dll
0x00007ffeb2160000 - 0x00007ffeb221f000 	C:\Windows\System32\KERNEL32.DLL
0x00007ffeb0c00000 - 0x00007ffeb0ed2000 	C:\Windows\System32\KERNELBASE.dll
0x00007ffeb07c0000 - 0x00007ffeb08c0000 	C:\Windows\System32\ucrtbase.dll
0x00007ffe9da10000 - 0x00007ffe9da2b000 	C:\Users\peche\.jdks\openjdk-19.0.1\bin\VCRUNTIME140.dll
0x00007ffea5ca0000 - 0x00007ffea5cb7000 	C:\Users\peche\.jdks\openjdk-19.0.1\bin\jli.dll
0x00007ffeb1d30000 - 0x00007ffeb1ecd000 	C:\Windows\System32\USER32.dll
0x00007ffeb09e0000 - 0x00007ffeb0a02000 	C:\Windows\System32\win32u.dll
0x00007ffea9280000 - 0x00007ffea951a000 	C:\Windows\WinSxS\amd64_microsoft.windows.common-controls_6595b64144ccf1df_6.0.19041.1110_none_60b5254171f9507e\COMCTL32.dll
0x00007ffeb27a0000 - 0x00007ffeb27cb000 	C:\Windows\System32\GDI32.dll
0x00007ffeb2220000 - 0x00007ffeb22be000 	C:\Windows\System32\msvcrt.dll
0x00007ffeb0f90000 - 0x00007ffeb109f000 	C:\Windows\System32\gdi32full.dll
0x00007ffeb08f0000 - 0x00007ffeb098d000 	C:\Windows\System32\msvcp_win.dll
0x00007ffeb18a0000 - 0x00007ffeb18d2000 	C:\Windows\System32\IMM32.DLL
0x00007ffea4c00000 - 0x00007ffea4c0c000 	C:\Users\peche\.jdks\openjdk-19.0.1\bin\vcruntime140_1.dll
0x00007ffe9b680000 - 0x00007ffe9b70e000 	C:\Users\peche\.jdks\openjdk-19.0.1\bin\msvcp140.dll
0x00007ffe685c0000 - 0x00007ffe69280000 	C:\Users\peche\.jdks\openjdk-19.0.1\bin\server\jvm.dll
0x00007ffeb2040000 - 0x00007ffeb20ee000 	C:\Windows\System32\ADVAPI32.dll
0x00007ffeb1400000 - 0x00007ffeb149c000 	C:\Windows\System32\sechost.dll
0x00007ffeb15e0000 - 0x00007ffeb1705000 	C:\Windows\System32\RPCRT4.dll
0x00007ffea3360000 - 0x00007ffea3387000 	C:\Windows\SYSTEM32\WINMM.dll
0x00007ffe9f440000 - 0x00007ffe9f449000 	C:\Windows\SYSTEM32\WSOCK32.dll
0x00007ffeab870000 - 0x00007ffeab87a000 	C:\Windows\SYSTEM32\VERSION.dll
0x00007ffeb20f0000 - 0x00007ffeb215b000 	C:\Windows\System32\WS2_32.dll
0x00007ffeae550000 - 0x00007ffeae562000 	C:\Windows\SYSTEM32\kernel.appcore.dll
0x00007ffea2f60000 - 0x00007ffea2f6a000 	C:\Users\peche\.jdks\openjdk-19.0.1\bin\jimage.dll
0x00007ffeaab40000 - 0x00007ffeaad24000 	C:\Windows\SYSTEM32\DBGHELP.DLL
0x00007ffeaaf20000 - 0x00007ffeaaf4c000 	C:\Windows\SYSTEM32\dbgcore.DLL
0x00007ffeb0b70000 - 0x00007ffeb0bf2000 	C:\Windows\System32\bcryptPrimitives.dll
0x00007ffe99ff0000 - 0x00007ffe99ffe000 	C:\Users\peche\.jdks\openjdk-19.0.1\bin\instrument.dll
0x00007ffe9d200000 - 0x00007ffe9d226000 	C:\Users\peche\.jdks\openjdk-19.0.1\bin\java.dll
0x00007ffe9b3b0000 - 0x00007ffe9b487000 	C:\Users\peche\.jdks\openjdk-19.0.1\bin\jsvml.dll
0x00007ffeb27d0000 - 0x00007ffeb2f13000 	C:\Windows\System32\SHELL32.dll
0x00007ffeae830000 - 0x00007ffeaefc2000 	C:\Windows\SYSTEM32\windows.storage.dll
0x00007ffeb10a0000 - 0x00007ffeb13f4000 	C:\Windows\System32\combase.dll
0x00007ffeb00d0000 - 0x00007ffeb0100000 	C:\Windows\SYSTEM32\Wldp.dll
0x00007ffeb18e0000 - 0x00007ffeb198d000 	C:\Windows\System32\SHCORE.dll
0x00007ffeb1ed0000 - 0x00007ffeb1f25000 	C:\Windows\System32\shlwapi.dll
0x00007ffeb0690000 - 0x00007ffeb06af000 	C:\Windows\SYSTEM32\profapi.dll
0x00007ffe9b660000 - 0x00007ffe9b673000 	C:\Users\peche\.jdks\openjdk-19.0.1\bin\net.dll
0x00007ffeab2f0000 - 0x00007ffeab3fc000 	C:\Windows\SYSTEM32\WINHTTP.dll
0x00007ffeafe30000 - 0x00007ffeafe9a000 	C:\Windows\system32\mswsock.dll
0x00007ffe9b390000 - 0x00007ffe9b3a6000 	C:\Users\peche\.jdks\openjdk-19.0.1\bin\nio.dll
0x00007ffe9b370000 - 0x00007ffe9b388000 	C:\Users\peche\.jdks\openjdk-19.0.1\bin\zip.dll
0x00007ffea87a0000 - 0x00007ffea87ba000 	C:\Program Files\JetBrains\IntelliJ IDEA Educational Edition 2021.3.2\bin\breakgen64.dll
0x000001fea04e0000 - 0x000001fea04e3000 	C:\Users\peche\.openjfx\cache\19-ea+7\amd64\api-ms-win-core-console-l1-1-0.dll
0x000001fea04f0000 - 0x000001fea04f3000 	C:\Users\peche\.openjfx\cache\19-ea+7\amd64\api-ms-win-core-console-l1-2-0.dll
0x000001fea0500000 - 0x000001fea0503000 	C:\Users\peche\.openjfx\cache\19-ea+7\amd64\api-ms-win-core-datetime-l1-1-0.dll
0x000001fea0510000 - 0x000001fea0513000 	C:\Users\peche\.openjfx\cache\19-ea+7\amd64\api-ms-win-core-debug-l1-1-0.dll
0x000001fea0520000 - 0x000001fea0523000 	C:\Users\peche\.openjfx\cache\19-ea+7\amd64\api-ms-win-core-errorhandling-l1-1-0.dll
0x000001fea0530000 - 0x000001fea0534000 	C:\Users\peche\.openjfx\cache\19-ea+7\amd64\api-ms-win-core-file-l1-1-0.dll
0x000001febdd90000 - 0x000001febdd93000 	C:\Users\peche\.openjfx\cache\19-ea+7\amd64\api-ms-win-core-file-l1-2-0.dll
0x000001febdda0000 - 0x000001febdda3000 	C:\Users\peche\.openjfx\cache\19-ea+7\amd64\api-ms-win-core-file-l2-1-0.dll
0x000001febddb0000 - 0x000001febddb3000 	C:\Users\peche\.openjfx\cache\19-ea+7\amd64\api-ms-win-core-handle-l1-1-0.dll
0x000001febddc0000 - 0x000001febddc3000 	C:\Users\peche\.openjfx\cache\19-ea+7\amd64\api-ms-win-core-heap-l1-1-0.dll
0x000001febddd0000 - 0x000001febddd3000 	C:\Users\peche\.openjfx\cache\19-ea+7\amd64\api-ms-win-core-interlocked-l1-1-0.dll
0x000001febdde0000 - 0x000001febdde3000 	C:\Users\peche\.openjfx\cache\19-ea+7\amd64\api-ms-win-core-libraryloader-l1-1-0.dll
0x000001febddf0000 - 0x000001febddf3000 	C:\Users\peche\.openjfx\cache\19-ea+7\amd64\api-ms-win-core-localization-l1-2-0.dll
0x000001febde00000 - 0x000001febde03000 	C:\Users\peche\.openjfx\cache\19-ea+7\amd64\api-ms-win-core-memory-l1-1-0.dll
0x000001febde10000 - 0x000001febde13000 	C:\Users\peche\.openjfx\cache\19-ea+7\amd64\api-ms-win-core-namedpipe-l1-1-0.dll
0x000001febde20000 - 0x000001febde23000 	C:\Users\peche\.openjfx\cache\19-ea+7\amd64\api-ms-win-core-processenvironment-l1-1-0.dll
0x000001febde30000 - 0x000001febde33000 	C:\Users\peche\.openjfx\cache\19-ea+7\amd64\api-ms-win-core-processthreads-l1-1-0.dll
0x000001febde40000 - 0x000001febde43000 	C:\Users\peche\.openjfx\cache\19-ea+7\amd64\api-ms-win-core-processthreads-l1-1-1.dll
0x000001febde50000 - 0x000001febde53000 	C:\Users\peche\.openjfx\cache\19-ea+7\amd64\api-ms-win-core-profile-l1-1-0.dll
0x000001febde60000 - 0x000001febde63000 	C:\Users\peche\.openjfx\cache\19-ea+7\amd64\api-ms-win-core-rtlsupport-l1-1-0.dll
0x000001febde70000 - 0x000001febde73000 	C:\Users\peche\.openjfx\cache\19-ea+7\amd64\api-ms-win-core-string-l1-1-0.dll
0x000001febde80000 - 0x000001febde83000 	C:\Users\peche\.openjfx\cache\19-ea+7\amd64\api-ms-win-core-synch-l1-1-0.dll
0x000001febde90000 - 0x000001febde93000 	C:\Users\peche\.openjfx\cache\19-ea+7\amd64\api-ms-win-core-synch-l1-2-0.dll
0x000001febdea0000 - 0x000001febdea3000 	C:\Users\peche\.openjfx\cache\19-ea+7\amd64\api-ms-win-core-sysinfo-l1-1-0.dll
0x000001febdeb0000 - 0x000001febdeb3000 	C:\Users\peche\.openjfx\cache\19-ea+7\amd64\api-ms-win-core-timezone-l1-1-0.dll
0x000001febdec0000 - 0x000001febdec3000 	C:\Users\peche\.openjfx\cache\19-ea+7\amd64\api-ms-win-core-util-l1-1-0.dll
0x000001febded0000 - 0x000001febded3000 	C:\Users\peche\.openjfx\cache\19-ea+7\amd64\api-ms-win-crt-conio-l1-1-0.dll
0x000001febdee0000 - 0x000001febdee4000 	C:\Users\peche\.openjfx\cache\19-ea+7\amd64\api-ms-win-crt-convert-l1-1-0.dll
0x000001febdef0000 - 0x000001febdef3000 	C:\Users\peche\.openjfx\cache\19-ea+7\amd64\api-ms-win-crt-environment-l1-1-0.dll
0x000001febdf00000 - 0x000001febdf03000 	C:\Users\peche\.openjfx\cache\19-ea+7\amd64\api-ms-win-crt-filesystem-l1-1-0.dll
0x000001febdf10000 - 0x000001febdf13000 	C:\Users\peche\.openjfx\cache\19-ea+7\amd64\api-ms-win-crt-heap-l1-1-0.dll
0x000001febdf20000 - 0x000001febdf23000 	C:\Users\peche\.openjfx\cache\19-ea+7\amd64\api-ms-win-crt-locale-l1-1-0.dll
0x000001febdf30000 - 0x000001febdf35000 	C:\Users\peche\.openjfx\cache\19-ea+7\amd64\api-ms-win-crt-math-l1-1-0.dll
0x000001febdf40000 - 0x000001febdf45000 	C:\Users\peche\.openjfx\cache\19-ea+7\amd64\api-ms-win-crt-multibyte-l1-1-0.dll
0x000001febdf50000 - 0x000001febdf60000 	C:\Users\peche\.openjfx\cache\19-ea+7\amd64\api-ms-win-crt-private-l1-1-0.dll
0x000001febdf60000 - 0x000001febdf63000 	C:\Users\peche\.openjfx\cache\19-ea+7\amd64\api-ms-win-crt-process-l1-1-0.dll
0x000001febdf70000 - 0x000001febdf74000 	C:\Users\peche\.openjfx\cache\19-ea+7\amd64\api-ms-win-crt-runtime-l1-1-0.dll
0x000001febdf80000 - 0x000001febdf84000 	C:\Users\peche\.openjfx\cache\19-ea+7\amd64\api-ms-win-crt-stdio-l1-1-0.dll
0x000001febdf90000 - 0x000001febdf94000 	C:\Users\peche\.openjfx\cache\19-ea+7\amd64\api-ms-win-crt-string-l1-1-0.dll
0x000001febdfa0000 - 0x000001febdfa3000 	C:\Users\peche\.openjfx\cache\19-ea+7\amd64\api-ms-win-crt-time-l1-1-0.dll
0x000001febdfb0000 - 0x000001febdfb3000 	C:\Users\peche\.openjfx\cache\19-ea+7\amd64\api-ms-win-crt-utility-l1-1-0.dll
0x00007ffe97f30000 - 0x00007ffe9802c000 	C:\Users\peche\.openjfx\cache\19-ea+7\amd64\ucrtbase.dll
0x00007ffe99f30000 - 0x00007ffe99f4b000 	C:\Users\peche\.openjfx\cache\19-ea+7\amd64\vcruntime140.dll
0x00007ffe99fa0000 - 0x00007ffe99fac000 	C:\Users\peche\.openjfx\cache\19-ea+7\amd64\vcruntime140_1.dll
0x00007ffe90810000 - 0x00007ffe9089e000 	C:\Users\peche\.openjfx\cache\19-ea+7\amd64\msvcp140.dll
0x00007ffe92a90000 - 0x00007ffe92abc000 	C:\Users\peche\.openjfx\cache\19-ea+7\amd64\prism_d3d.dll
0x00007ffe9d670000 - 0x00007ffe9d83f000 	C:\Windows\system32\d3d9.dll
0x00007ffeae520000 - 0x00007ffeae54f000 	C:\Windows\SYSTEM32\dwmapi.dll
0x00007ffeae260000 - 0x00007ffeae2fe000 	C:\Windows\system32\uxtheme.dll
0x00007ffea8da0000 - 0x00007ffea8e5e000 	C:\Windows\System32\DriverStore\FileRepository\nv_dispi.inf_amd64_ade64cd54ec2f9ed\nvldumdx.dll
0x00007ffeb0260000 - 0x00007ffeb0272000 	C:\Windows\SYSTEM32\msasn1.dll
0x00007ffeab640000 - 0x00007ffeab671000 	C:\Windows\SYSTEM32\cryptnet.dll
0x00007ffeb0a10000 - 0x00007ffeb0b66000 	C:\Windows\System32\CRYPT32.dll
0x00007ffeab4f0000 - 0x00007ffeab638000 	C:\Windows\SYSTEM32\drvstore.dll
0x00007ffeb0420000 - 0x00007ffeb044c000 	C:\Windows\SYSTEM32\devobj.dll
0x00007ffeb0990000 - 0x00007ffeb09de000 	C:\Windows\System32\cfgmgr32.dll
0x00007ffeb0040000 - 0x00007ffeb004c000 	C:\Windows\SYSTEM32\cryptbase.dll
0x00007ffeb0750000 - 0x00007ffeb07ba000 	C:\Windows\System32\WINTRUST.DLL
0x00007ffeb15c0000 - 0x00007ffeb15dd000 	C:\Windows\System32\imagehlp.dll
0x00007ffeb0020000 - 0x00007ffeb0038000 	C:\Windows\SYSTEM32\CRYPTSP.dll
0x00007ffeaf750000 - 0x00007ffeaf784000 	C:\Windows\system32\rsaenh.dll
0x00007ffeb08c0000 - 0x00007ffeb08e7000 	C:\Windows\System32\bcrypt.dll
0x00007ffe650f0000 - 0x00007ffe676f9000 	C:\Windows\System32\DriverStore\FileRepository\nv_dispi.inf_amd64_ade64cd54ec2f9ed\nvd3dumx.dll
0x00007ffe927e0000 - 0x00007ffe92822000 	C:\Users\peche\.openjfx\cache\19-ea+7\amd64\glass.dll
0x00007ffeb19f0000 - 0x00007ffeb1aca000 	C:\Windows\System32\COMDLG32.dll
0x00007ffeb1770000 - 0x00007ffeb189a000 	C:\Windows\System32\ole32.dll
0x00007ffeb2f20000 - 0x00007ffeb2fed000 	C:\Windows\System32\OLEAUT32.dll
0x00007ffeb14a0000 - 0x00007ffeb15b5000 	C:\Windows\System32\MSCTF.dll
0x00007ffe7fa50000 - 0x00007ffe7fd1f000 	C:\Windows\system32\nvspcap64.dll
0x00007ffeaf890000 - 0x00007ffeaf8c3000 	C:\Windows\SYSTEM32\ntmarta.dll
0x00007ffeaefe0000 - 0x00007ffeaf003000 	C:\Windows\SYSTEM32\gpapi.dll
0x00007ffe9e970000 - 0x00007ffe9e9ab000 	C:\Windows\SYSTEM32\dxcore.dll
0x00007ffe98610000 - 0x00007ffe98624000 	C:\Users\peche\.openjfx\cache\19-ea+7\amd64\javafx_font.dll
0x00007ffe9c9b0000 - 0x00007ffe9cc2f000 	C:\Windows\SYSTEM32\dwrite.dll
0x00007ffeb1ad0000 - 0x00007ffeb1b7f000 	C:\Windows\System32\clbcatq.dll
0x00007ffeadfa0000 - 0x00007ffeae154000 	C:\Windows\SYSTEM32\WindowsCodecs.dll
0x00007ffe9d1c0000 - 0x00007ffe9d1fe000 	C:\Windows\system32\dataexchange.dll
0x00007ffeac910000 - 0x00007ffeacb73000 	C:\Windows\system32\d3d11.dll
0x00007ffead140000 - 0x00007ffead323000 	C:\Windows\system32\dcomp.dll
0x00007ffeaf010000 - 0x00007ffeaf103000 	C:\Windows\system32\dxgi.dll
0x00007ffea0640000 - 0x00007ffea0840000 	C:\Windows\system32\twinapi.appcore.dll
0x00007ffe94e10000 - 0x00007ffe94e44000 	C:\Program Files\Common Files\Microsoft Shared\Ink\rtscom.dll

dbghelp: loaded successfully - version: 4.0.5 - missing functions: none
symbol engine: initialized successfully - sym options: 0x614 - pdb path: .;C:\Users\peche\.jdks\openjdk-19.0.1\bin;C:\Windows\SYSTEM32;C:\Windows\WinSxS\amd64_microsoft.windows.common-controls_6595b64144ccf1df_6.0.19041.1110_none_60b5254171f9507e;C:\Users\peche\.jdks\openjdk-19.0.1\bin\server;C:\Program Files\JetBrains\IntelliJ IDEA Educational Edition 2021.3.2\bin;C:\Users\peche\.openjfx\cache\19-ea+7\amd64;C:\Windows\System32\DriverStore\FileRepository\nv_dispi.inf_amd64_ade64cd54ec2f9ed;C:\Program Files\Common Files\Microsoft Shared\Ink

VM Arguments:
jvm_args: -javaagent:C:\Program Files\JetBrains\IntelliJ IDEA Educational Edition 2021.3.2\lib\idea_rt.jar=59042:C:\Program Files\JetBrains\IntelliJ IDEA Educational Edition 2021.3.2\bin -Dfile.encoding=UTF-8 -Dsun.stdout.encoding=UTF-8 -Dsun.stderr.encoding=UTF-8 --module-path=C:\Users\peche\.m2\repository\org\openjfx\javafx-fxml\19-ea+7\javafx-fxml-19-ea+7-win.jar;C:\Users\peche\.m2\repository\org\openjfx\javafx-controls\19-ea+7\javafx-controls-19-ea+7-win.jar;C:\Users\peche\.m2\repository\org\openjfx\javafx-graphics\19-ea+7\javafx-graphics-19-ea+7-win.jar;E:\Технологии программирования\интерфейс\carshowroom\target\classes;C:\Users\peche\.m2\repository\org\openjfx\javafx-base\19-ea+7\javafx-base-19-ea+7-win.jar -Djdk.module.main=com.example.carshowroom 
java_command: com.example.carshowroom/com.example.carshowroom.HelloApplication
java_class_path (initial): C:\Users\peche\.m2\repository\org\openjfx\javafx-controls\19-ea+7\javafx-controls-19-ea+7.jar;C:\Users\peche\.m2\repository\org\openjfx\javafx-graphics\19-ea+7\javafx-graphics-19-ea+7.jar;C:\Users\peche\.m2\repository\org\openjfx\javafx-base\19-ea+7\javafx-base-19-ea+7.jar;C:\Users\peche\.m2\repository\org\openjfx\javafx-fxml\19-ea+7\javafx-fxml-19-ea+7.jar;E:\Технологии программирования\интерфейс\Driver\mysql-connector-j-8.0.31\mysql-connector-j-8.0.31.jar
Launcher Type: SUN_STANDARD

[Global flags]
     intx CICompilerCount                          = 3                                         {product} {ergonomic}
     uint ConcGCThreads                            = 1                                         {product} {ergonomic}
     uint G1ConcRefinementThreads                  = 4                                         {product} {ergonomic}
   size_t G1HeapRegionSize                         = 1048576                                   {product} {ergonomic}
    uintx GCDrainStackTargetSize                   = 64                                        {product} {ergonomic}
   size_t InitialHeapSize                          = 117440512                                 {product} {ergonomic}
   size_t MarkStackSize                            = 4194304                                   {product} {ergonomic}
   size_t MaxHeapSize                              = 1876951040                                {product} {ergonomic}
   size_t MaxNewSize                               = 1126170624                                {product} {ergonomic}
   size_t MinHeapDeltaBytes                        = 1048576                                   {product} {ergonomic}
   size_t MinHeapSize                              = 8388608                                   {product} {ergonomic}
    uintx NonNMethodCodeHeapSize                   = 5832780                                {pd product} {ergonomic}
    uintx NonProfiledCodeHeapSize                  = 122912730                              {pd product} {ergonomic}
    uintx ProfiledCodeHeapSize                     = 122912730                              {pd product} {ergonomic}
    uintx ReservedCodeCacheSize                    = 251658240                              {pd product} {ergonomic}
     bool SegmentedCodeCache                       = true                                      {product} {ergonomic}
   size_t SoftMaxHeapSize                          = 1876951040                             {manageable} {ergonomic}
     bool UseCompressedClassPointers               = true                           {product lp64_product} {ergonomic}
     bool UseCompressedOops                        = true                           {product lp64_product} {ergonomic}
     bool UseG1GC                                  = true                                      {product} {ergonomic}
     bool UseLargePagesIndividualAllocation        = false                                  {pd product} {ergonomic}

Logging:
Log output configuration:
 #0: stdout all=off uptime,level,tags foldmultilines=false
 #1: stderr all=off uptime,level,tags foldmultilines=false

Environment Variables:
PATH=C:\Program Files\Microsoft\jdk-11.0.12.7-hotspot\bin;C:\Windows\system32;C:\Windows;C:\Windows\System32\Wbem;C:\Windows\System32\WindowsPowerShell\v1.0\;C:\Windows\System32\OpenSSH\;C:\Program Files\NVIDIA Corporation\NVIDIA NvDLISR;C:\Program Files\dotnet\;C:\Program Files\Git\cmd;C:\Program Files (x86)\NVIDIA Corporation\PhysX\Common;C:\Program Files\MySQL\MySQL Shell 8.0\bin\;C:\Users\peche\AppData\Local\Microsoft\WindowsApps;C:\Program Files\JetBrains\IntelliJ IDEA Educational Edition 2021.3.2\bin;;C:\Users\peche\.dotnet\tools
USERNAME=peche
OS=Windows_NT
PROCESSOR_IDENTIFIER=Intel64 Family 6 Model 58 Stepping 9, GenuineIntel
TMP=C:\Users\peche\AppData\Local\Temp
TEMP=C:\Users\peche\AppData\Local\Temp



---------------  S Y S T E M  ---------------

OS:
 Windows 10 , 64 bit Build 19041 (10.0.19041.2251)
OS uptime: 9 days 4:46 hours

CPU: total 4 (initial active 4) (4 cores per cpu, 1 threads per core) family 6 model 58 stepping 9 microcode 0x21, cx8, cmov, fxsr, mmx, sse, sse2, sse3, ssse3, sse4.1, sse4.2, popcnt, tsc, tscinvbit, avx, aes, erms, clmul, vzeroupper, clflush, rdtscp

Memory: 4k page, system-wide physical 7158M (1051M free)
TotalPageFile size 11881M (AvailPageFile size 2771M)
current process WorkingSet (physical memory assigned to process): 159M, peak: 199M
current process commit charge ("private bytes"): 257M, peak: 294M

vm_info: OpenJDK 64-Bit Server VM (19.0.1+10-21) for windows-amd64 JRE (19.0.1+10-21), built on 2022-09-14T12:45:06Z by "mach5one" with MS VC++ 17.1 (VS2022)

END.
